[INFO  - 2015-01-12T23:42:41.582Z] GhostDriver - Main - running on port 59904
[INFO  - 2015-01-12T23:42:41.621Z] Session [b304bb20-9ab4-11e4-95fc-8f11986ecd5c] - page.settings - {"XSSAuditingEnabled":false,"javascriptCanCloseWindows":true,"javascriptCanOpenWindows":true,"javascriptEnabled":true,"loadImages":true,"localToRemoteUrlAccessEnabled":false,"userAgent":"Mozilla/5.0 (Macintosh; PPC Mac OS X) AppleWebKit/534.34 (KHTML, like Gecko) PhantomJS/1.9.7 Safari/534.34","webSecurityEnabled":true}
[INFO  - 2015-01-12T23:42:41.621Z] Session [b304bb20-9ab4-11e4-95fc-8f11986ecd5c] - page.customHeaders:  - {}
[INFO  - 2015-01-12T23:42:41.621Z] Session [b304bb20-9ab4-11e4-95fc-8f11986ecd5c] - Session.negotiatedCapabilities - {"browserName":"phantomjs","version":"1.9.7","driverName":"ghostdriver","driverVersion":"1.1.0","platform":"mac-10.8 (Mountain Lion)-64bit","javascriptEnabled":true,"takesScreenshot":true,"handlesAlerts":false,"databaseEnabled":false,"locationContextEnabled":false,"applicationCacheEnabled":false,"browserConnectionEnabled":false,"cssSelectorsEnabled":true,"webStorageEnabled":false,"rotatable":false,"acceptSslCerts":false,"nativeEvents":true,"proxy":{"proxyType":"direct"}}
[INFO  - 2015-01-12T23:42:41.621Z] SessionManagerReqHand - _postNewSessionCommand - New Session Created: b304bb20-9ab4-11e4-95fc-8f11986ecd5c
[ERROR - 2015-01-12T23:42:42.216Z] WebElementLocator - _handleLocateCommand - Element(s) NOT Found: GAVE UP. Search Stop Time: 1421106162186
[INFO  - 2015-01-12T23:43:37.833Z] GhostDriver - Main - running on port 62610
[INFO  - 2015-01-12T23:43:37.883Z] Session [d48da180-9ab4-11e4-b9ed-a9957b3419b1] - page.settings - {"XSSAuditingEnabled":false,"javascriptCanCloseWindows":true,"javascriptCanOpenWindows":true,"javascriptEnabled":true,"loadImages":true,"localToRemoteUrlAccessEnabled":false,"userAgent":"Mozilla/5.0 (Macintosh; PPC Mac OS X) AppleWebKit/534.34 (KHTML, like Gecko) PhantomJS/1.9.7 Safari/534.34","webSecurityEnabled":true}
[INFO  - 2015-01-12T23:43:37.883Z] Session [d48da180-9ab4-11e4-b9ed-a9957b3419b1] - page.customHeaders:  - {}
[INFO  - 2015-01-12T23:43:37.883Z] Session [d48da180-9ab4-11e4-b9ed-a9957b3419b1] - Session.negotiatedCapabilities - {"browserName":"phantomjs","version":"1.9.7","driverName":"ghostdriver","driverVersion":"1.1.0","platform":"mac-10.8 (Mountain Lion)-64bit","javascriptEnabled":true,"takesScreenshot":true,"handlesAlerts":false,"databaseEnabled":false,"locationContextEnabled":false,"applicationCacheEnabled":false,"browserConnectionEnabled":false,"cssSelectorsEnabled":true,"webStorageEnabled":false,"rotatable":false,"acceptSslCerts":false,"nativeEvents":true,"proxy":{"proxyType":"direct"}}
[INFO  - 2015-01-12T23:43:37.883Z] SessionManagerReqHand - _postNewSessionCommand - New Session Created: d48da180-9ab4-11e4-b9ed-a9957b3419b1
[INFO  - 2015-01-12T23:44:12.178Z] GhostDriver - Main - running on port 56739
[INFO  - 2015-01-12T23:44:12.235Z] Session [e9075480-9ab4-11e4-89b7-0febe7b61626] - page.settings - {"XSSAuditingEnabled":false,"javascriptCanCloseWindows":true,"javascriptCanOpenWindows":true,"javascriptEnabled":true,"loadImages":true,"localToRemoteUrlAccessEnabled":false,"userAgent":"Mozilla/5.0 (Macintosh; PPC Mac OS X) AppleWebKit/534.34 (KHTML, like Gecko) PhantomJS/1.9.7 Safari/534.34","webSecurityEnabled":true}
[INFO  - 2015-01-12T23:44:12.235Z] Session [e9075480-9ab4-11e4-89b7-0febe7b61626] - page.customHeaders:  - {}
[INFO  - 2015-01-12T23:44:12.235Z] Session [e9075480-9ab4-11e4-89b7-0febe7b61626] - Session.negotiatedCapabilities - {"browserName":"phantomjs","version":"1.9.7","driverName":"ghostdriver","driverVersion":"1.1.0","platform":"mac-10.8 (Mountain Lion)-64bit","javascriptEnabled":true,"takesScreenshot":true,"handlesAlerts":false,"databaseEnabled":false,"locationContextEnabled":false,"applicationCacheEnabled":false,"browserConnectionEnabled":false,"cssSelectorsEnabled":true,"webStorageEnabled":false,"rotatable":false,"acceptSslCerts":false,"nativeEvents":true,"proxy":{"proxyType":"direct"}}
[INFO  - 2015-01-12T23:44:12.235Z] SessionManagerReqHand - _postNewSessionCommand - New Session Created: e9075480-9ab4-11e4-89b7-0febe7b61626
[INFO  - 2015-01-12T23:44:35.154Z] GhostDriver - Main - running on port 55245
[INFO  - 2015-01-12T23:44:35.192Z] Session [f6b64a50-9ab4-11e4-bd4b-2d4e086f3c73] - page.settings - {"XSSAuditingEnabled":false,"javascriptCanCloseWindows":true,"javascriptCanOpenWindows":true,"javascriptEnabled":true,"loadImages":true,"localToRemoteUrlAccessEnabled":false,"userAgent":"Mozilla/5.0 (Macintosh; PPC Mac OS X) AppleWebKit/534.34 (KHTML, like Gecko) PhantomJS/1.9.7 Safari/534.34","webSecurityEnabled":true}
[INFO  - 2015-01-12T23:44:35.192Z] Session [f6b64a50-9ab4-11e4-bd4b-2d4e086f3c73] - page.customHeaders:  - {}
[INFO  - 2015-01-12T23:44:35.192Z] Session [f6b64a50-9ab4-11e4-bd4b-2d4e086f3c73] - Session.negotiatedCapabilities - {"browserName":"phantomjs","version":"1.9.7","driverName":"ghostdriver","driverVersion":"1.1.0","platform":"mac-10.8 (Mountain Lion)-64bit","javascriptEnabled":true,"takesScreenshot":true,"handlesAlerts":false,"databaseEnabled":false,"locationContextEnabled":false,"applicationCacheEnabled":false,"browserConnectionEnabled":false,"cssSelectorsEnabled":true,"webStorageEnabled":false,"rotatable":false,"acceptSslCerts":false,"nativeEvents":true,"proxy":{"proxyType":"direct"}}
[INFO  - 2015-01-12T23:44:35.192Z] SessionManagerReqHand - _postNewSessionCommand - New Session Created: f6b64a50-9ab4-11e4-bd4b-2d4e086f3c73
[INFO  - 2015-01-12T23:50:41.610Z] GhostDriver - Main - running on port 56060
[INFO  - 2015-01-12T23:50:41.660Z] Session [d124de90-9ab5-11e4-ac1d-0f8b3ee48ef3] - page.settings - {"XSSAuditingEnabled":false,"javascriptCanCloseWindows":true,"javascriptCanOpenWindows":true,"javascriptEnabled":true,"loadImages":true,"localToRemoteUrlAccessEnabled":false,"userAgent":"Mozilla/5.0 (Macintosh; PPC Mac OS X) AppleWebKit/534.34 (KHTML, like Gecko) PhantomJS/1.9.7 Safari/534.34","webSecurityEnabled":true}
[INFO  - 2015-01-12T23:50:41.660Z] Session [d124de90-9ab5-11e4-ac1d-0f8b3ee48ef3] - page.customHeaders:  - {}
[INFO  - 2015-01-12T23:50:41.660Z] Session [d124de90-9ab5-11e4-ac1d-0f8b3ee48ef3] - Session.negotiatedCapabilities - {"browserName":"phantomjs","version":"1.9.7","driverName":"ghostdriver","driverVersion":"1.1.0","platform":"mac-10.8 (Mountain Lion)-64bit","javascriptEnabled":true,"takesScreenshot":true,"handlesAlerts":false,"databaseEnabled":false,"locationContextEnabled":false,"applicationCacheEnabled":false,"browserConnectionEnabled":false,"cssSelectorsEnabled":true,"webStorageEnabled":false,"rotatable":false,"acceptSslCerts":false,"nativeEvents":true,"proxy":{"proxyType":"direct"}}
[INFO  - 2015-01-12T23:50:41.661Z] SessionManagerReqHand - _postNewSessionCommand - New Session Created: d124de90-9ab5-11e4-ac1d-0f8b3ee48ef3
